{"C:\\jest\\User credentials testing\\src\\app\\express\\express.ts": {"path":"C:\\jest\\User credentials testing\\src\\app\\express\\express.ts","statementMap":{"0":{"start":{"line":1,"column":0},"end":{"line":1,"column":53}},"1":{"start":{"line":2,"column":12},"end":{"line":2,"column":21}},"2":{"start":{"line":3,"column":0},"end":{"line":3,"column":24}},"3":{"start":{"line":8,"column":13},"end":{"line":8,"column":37}},"4":{"start":{"line":9,"column":13},"end":{"line":9,"column":37}},"5":{"start":{"line":11,"column":0},"end":{"line":11,"column":59}},"6":{"start":{"line":12,"column":0},"end":{"line":12,"column":59}},"7":{"start":{"line":14,"column":0},"end":{"line":14,"column":29}},"8":{"start":{"line":15,"column":0},"end":{"line":15,"column":29}},"9":{"start":{"line":17,"column":15},"end":{"line":19,"column":2}},"10":{"start":{"line":18,"column":2},"end":{"line":18,"column":41}},"11":{"start":{"line":21,"column":0},"end":{"line":21,"column":15}},"12":{"start":{"line":23,"column":0},"end":{"line":23,"column":19}}},"fnMap":{"0":{"name":"(anonymous_1)","decl":{"start":{"line":17,"column":32},"end":{"line":17,"column":35}},"loc":{"start":{"line":17,"column":37},"end":{"line":19,"column":1}}}},"branchMap":{},"s":{"0":2,"1":2,"2":2,"3":2,"4":2,"5":2,"6":2,"7":2,"8":2,"9":2,"10":0,"11":2,"12":2},"f":{"0":0},"b":{}}
,"C:\\jest\\User credentials testing\\src\\app\\express\\controllers\\blogControllers.ts": {"path":"C:\\jest\\User credentials testing\\src\\app\\express\\controllers\\blogControllers.ts","statementMap":{"0":{"start":{"line":2,"column":0},"end":{"line":2,"column":35}},"1":{"start":{"line":3,"column":0},"end":{"line":3,"column":48}},"2":{"start":{"line":5,"column":24},"end":{"line":7,"column":1}},"3":{"start":{"line":6,"column":2},"end":{"line":6,"column":30}},"4":{"start":{"line":5,"column":13},"end":{"line":5,"column":24}},"5":{"start":{"line":9,"column":25},"end":{"line":15,"column":1}},"6":{"start":{"line":10,"column":52},"end":{"line":10,"column":60}},"7":{"start":{"line":11,"column":13},"end":{"line":11,"column":29}},"8":{"start":{"line":12,"column":18},"end":{"line":12,"column":74}},"9":{"start":{"line":13,"column":2},"end":{"line":13,"column":22}},"10":{"start":{"line":14,"column":2},"end":{"line":14,"column":32}},"11":{"start":{"line":9,"column":13},"end":{"line":9,"column":25}},"12":{"start":{"line":17,"column":29},"end":{"line":21,"column":1}},"13":{"start":{"line":18,"column":15},"end":{"line":18,"column":66}},"14":{"start":{"line":18,"column":33},"end":{"line":18,"column":65}},"15":{"start":{"line":19,"column":2},"end":{"line":19,"column":52}},"16":{"start":{"line":19,"column":13},"end":{"line":19,"column":52}},"17":{"start":{"line":20,"column":2},"end":{"line":20,"column":29}},"18":{"start":{"line":17,"column":13},"end":{"line":17,"column":29}},"19":{"start":{"line":23,"column":24},"end":{"line":38,"column":1}},"20":{"start":{"line":24,"column":15},"end":{"line":24,"column":66}},"21":{"start":{"line":24,"column":33},"end":{"line":24,"column":65}},"22":{"start":{"line":25,"column":2},"end":{"line":28,"column":3}},"23":{"start":{"line":26,"column":4},"end":{"line":26,"column":43}},"24":{"start":{"line":27,"column":4},"end":{"line":27,"column":11}},"25":{"start":{"line":30,"column":52},"end":{"line":30,"column":60}},"26":{"start":{"line":31,"column":2},"end":{"line":31,"column":27}},"27":{"start":{"line":32,"column":2},"end":{"line":32,"column":21}},"28":{"start":{"line":33,"column":2},"end":{"line":33,"column":33}},"29":{"start":{"line":34,"column":2},"end":{"line":34,"column":25}},"30":{"start":{"line":37,"column":2},"end":{"line":37,"column":29}},"31":{"start":{"line":23,"column":13},"end":{"line":23,"column":24}},"32":{"start":{"line":40,"column":26},"end":{"line":48,"column":1}},"33":{"start":{"line":41,"column":16},"end":{"line":41,"column":72}},"34":{"start":{"line":41,"column":39},"end":{"line":41,"column":71}},"35":{"start":{"line":42,"column":2},"end":{"line":45,"column":3}},"36":{"start":{"line":43,"column":4},"end":{"line":43,"column":43}},"37":{"start":{"line":44,"column":4},"end":{"line":44,"column":11}},"38":{"start":{"line":46,"column":2},"end":{"line":46,"column":25}},"39":{"start":{"line":47,"column":2},"end":{"line":47,"column":25}},"40":{"start":{"line":40,"column":13},"end":{"line":40,"column":26}}},"fnMap":{"0":{"name":"(anonymous_0)","decl":{"start":{"line":5,"column":24},"end":{"line":5,"column":25}},"loc":{"start":{"line":5,"column":56},"end":{"line":7,"column":1}}},"1":{"name":"(anonymous_1)","decl":{"start":{"line":9,"column":25},"end":{"line":9,"column":26}},"loc":{"start":{"line":9,"column":57},"end":{"line":15,"column":1}}},"2":{"name":"(anonymous_2)","decl":{"start":{"line":17,"column":29},"end":{"line":17,"column":30}},"loc":{"start":{"line":17,"column":61},"end":{"line":21,"column":1}}},"3":{"name":"(anonymous_3)","decl":{"start":{"line":18,"column":26},"end":{"line":18,"column":27}},"loc":{"start":{"line":18,"column":33},"end":{"line":18,"column":65}}},"4":{"name":"(anonymous_4)","decl":{"start":{"line":23,"column":24},"end":{"line":23,"column":25}},"loc":{"start":{"line":23,"column":56},"end":{"line":38,"column":1}}},"5":{"name":"(anonymous_5)","decl":{"start":{"line":24,"column":26},"end":{"line":24,"column":27}},"loc":{"start":{"line":24,"column":33},"end":{"line":24,"column":65}}},"6":{"name":"(anonymous_6)","decl":{"start":{"line":40,"column":26},"end":{"line":40,"column":27}},"loc":{"start":{"line":40,"column":58},"end":{"line":48,"column":1}}},"7":{"name":"(anonymous_7)","decl":{"start":{"line":41,"column":32},"end":{"line":41,"column":33}},"loc":{"start":{"line":41,"column":39},"end":{"line":41,"column":71}}}},"branchMap":{"0":{"loc":{"start":{"line":19,"column":2},"end":{"line":19,"column":52}},"type":"if","locations":[{"start":{"line":19,"column":2},"end":{"line":19,"column":52}}]},"1":{"loc":{"start":{"line":25,"column":2},"end":{"line":28,"column":3}},"type":"if","locations":[{"start":{"line":25,"column":2},"end":{"line":28,"column":3}}]},"2":{"loc":{"start":{"line":42,"column":2},"end":{"line":45,"column":3}},"type":"if","locations":[{"start":{"line":42,"column":2},"end":{"line":45,"column":3}}]}},"s":{"0":2,"1":2,"2":2,"3":1,"4":2,"5":2,"6":1,"7":1,"8":1,"9":1,"10":1,"11":2,"12":2,"13":2,"14":2,"15":2,"16":1,"17":2,"18":2,"19":2,"20":2,"21":2,"22":2,"23":1,"24":1,"25":1,"26":1,"27":1,"28":1,"29":1,"30":1,"31":2,"32":2,"33":2,"34":1,"35":2,"36":1,"37":1,"38":1,"39":1,"40":2},"f":{"0":1,"1":1,"2":2,"3":2,"4":2,"5":2,"6":2,"7":1},"b":{"0":[1],"1":[1],"2":[1]}}
,"C:\\jest\\User credentials testing\\src\\app\\express\\controllers\\userControllers.ts": {"path":"C:\\jest\\User credentials testing\\src\\app\\express\\controllers\\userControllers.ts","statementMap":{"0":{"start":{"line":1,"column":0},"end":{"line":1,"column":48}},"1":{"start":{"line":2,"column":0},"end":{"line":2,"column":35}},"2":{"start":{"line":4,"column":0},"end":{"line":4,"column":26}},"3":{"start":{"line":6,"column":26},"end":{"line":15,"column":2}},"4":{"start":{"line":6,"column":64},"end":{"line":15,"column":2}},"5":{"start":{"line":7,"column":36},"end":{"line":7,"column":44}},"6":{"start":{"line":8,"column":2},"end":{"line":11,"column":3}},"7":{"start":{"line":9,"column":4},"end":{"line":9,"column":59}},"8":{"start":{"line":10,"column":4},"end":{"line":10,"column":11}},"9":{"start":{"line":12,"column":15},"end":{"line":12,"column":51}},"10":{"start":{"line":13,"column":2},"end":{"line":13,"column":19}},"11":{"start":{"line":14,"column":2},"end":{"line":14,"column":29}},"12":{"start":{"line":6,"column":13},"end":{"line":6,"column":26}},"13":{"start":{"line":17,"column":28},"end":{"line":34,"column":2}},"14":{"start":{"line":17,"column":66},"end":{"line":34,"column":2}},"15":{"start":{"line":18,"column":30},"end":{"line":18,"column":38}},"16":{"start":{"line":19,"column":2},"end":{"line":22,"column":3}},"17":{"start":{"line":20,"column":4},"end":{"line":20,"column":59}},"18":{"start":{"line":21,"column":4},"end":{"line":21,"column":11}},"19":{"start":{"line":23,"column":15},"end":{"line":25,"column":4}},"20":{"start":{"line":24,"column":4},"end":{"line":24,"column":31}},"21":{"start":{"line":26,"column":2},"end":{"line":29,"column":3}},"22":{"start":{"line":27,"column":4},"end":{"line":27,"column":59}},"23":{"start":{"line":28,"column":4},"end":{"line":28,"column":11}},"24":{"start":{"line":30,"column":2},"end":{"line":33,"column":3}},"25":{"start":{"line":31,"column":18},"end":{"line":31,"column":22}},"26":{"start":{"line":32,"column":4},"end":{"line":32,"column":32}},"27":{"start":{"line":17,"column":13},"end":{"line":17,"column":28}}},"fnMap":{"0":{"name":"(anonymous_7)","decl":{"start":{"line":6,"column":26},"end":{"line":6,"column":33}},"loc":{"start":{"line":6,"column":64},"end":{"line":15,"column":2}}},"1":{"name":"(anonymous_8)","decl":{"start":{"line":6,"column":64},"end":{"line":6,"column":null}},"loc":{"start":{"line":6,"column":64},"end":{"line":15,"column":1}}},"2":{"name":"(anonymous_9)","decl":{"start":{"line":17,"column":28},"end":{"line":17,"column":35}},"loc":{"start":{"line":17,"column":66},"end":{"line":34,"column":2}}},"3":{"name":"(anonymous_10)","decl":{"start":{"line":17,"column":66},"end":{"line":17,"column":null}},"loc":{"start":{"line":17,"column":66},"end":{"line":34,"column":1}}},"4":{"name":"(anonymous_11)","decl":{"start":{"line":23,"column":26},"end":{"line":23,"column":27}},"loc":{"start":{"line":23,"column":35},"end":{"line":25,"column":3}}}},"branchMap":{"0":{"loc":{"start":{"line":8,"column":2},"end":{"line":11,"column":3}},"type":"if","locations":[{"start":{"line":8,"column":2},"end":{"line":11,"column":3}}]},"1":{"loc":{"start":{"line":8,"column":6},"end":{"line":8,"column":34}},"type":"binary-expr","locations":[{"start":{"line":8,"column":6},"end":{"line":8,"column":11}},{"start":{"line":8,"column":15},"end":{"line":8,"column":21}},{"start":{"line":8,"column":25},"end":{"line":8,"column":34}}]},"2":{"loc":{"start":{"line":19,"column":2},"end":{"line":22,"column":3}},"type":"if","locations":[{"start":{"line":19,"column":2},"end":{"line":22,"column":3}}]},"3":{"loc":{"start":{"line":19,"column":6},"end":{"line":19,"column":25}},"type":"binary-expr","locations":[{"start":{"line":19,"column":6},"end":{"line":19,"column":12}},{"start":{"line":19,"column":16},"end":{"line":19,"column":25}}]},"4":{"loc":{"start":{"line":26,"column":2},"end":{"line":29,"column":3}},"type":"if","locations":[{"start":{"line":26,"column":2},"end":{"line":29,"column":3}}]},"5":{"loc":{"start":{"line":30,"column":2},"end":{"line":33,"column":3}},"type":"if","locations":[{"start":{"line":30,"column":2},"end":{"line":33,"column":3}}]},"6":{"loc":{"start":{"line":30,"column":6},"end":{"line":30,"column":20}},"type":"cond-expr","locations":[{"start":{"line":30,"column":10},"end":{"line":30,"column":12}},{"start":{"line":30,"column":6},"end":{"line":30,"column":20}}]},"7":{"loc":{"start":{"line":30,"column":6},"end":{"line":30,"column":12}},"type":"binary-expr","locations":[{"start":{"line":30,"column":6},"end":{"line":30,"column":12}},{"start":{"line":30,"column":6},"end":{"line":30,"column":12}}]}},"s":{"0":2,"1":2,"2":2,"3":2,"4":2,"5":2,"6":2,"7":1,"8":1,"9":1,"10":1,"11":1,"12":2,"13":2,"14":3,"15":3,"16":3,"17":1,"18":1,"19":2,"20":2,"21":2,"22":1,"23":1,"24":1,"25":1,"26":1,"27":2},"f":{"0":2,"1":2,"2":3,"3":3,"4":2},"b":{"0":[1],"1":[2,1,1],"2":[1],"3":[3,2],"4":[1],"5":[1],"6":[0,1],"7":[1,1]}}
,"C:\\jest\\User credentials testing\\src\\app\\express\\models\\blogModel.ts": {"path":"C:\\jest\\User credentials testing\\src\\app\\express\\models\\blogModel.ts","statementMap":{"0":{"start":{"line":17,"column":4},"end":{"line":21,"column":39}},"1":{"start":{"line":3,"column":0},"end":{"line":3,"column":13}}},"fnMap":{"0":{"name":"(anonymous_0)","decl":{"start":{"line":10,"column":2},"end":{"line":10,"column":null}},"loc":{"start":{"line":15,"column":19},"end":{"line":22,"column":3}}}},"branchMap":{},"s":{"0":1,"1":2},"f":{"0":1},"b":{}}
,"C:\\jest\\User credentials testing\\src\\app\\express\\models\\userModel.ts": {"path":"C:\\jest\\User credentials testing\\src\\app\\express\\models\\userModel.ts","statementMap":{"0":{"start":{"line":7,"column":4},"end":{"line":7,"column":29}},"1":{"start":{"line":8,"column":4},"end":{"line":8,"column":21}},"2":{"start":{"line":9,"column":4},"end":{"line":9,"column":23}},"3":{"start":{"line":1,"column":0},"end":{"line":1,"column":13}}},"fnMap":{"0":{"name":"(anonymous_0)","decl":{"start":{"line":6,"column":2},"end":{"line":6,"column":14}},"loc":{"start":{"line":6,"column":59},"end":{"line":10,"column":3}}}},"branchMap":{},"s":{"0":1,"1":1,"2":1,"3":2},"f":{"0":1},"b":{}}
,"C:\\jest\\User credentials testing\\src\\app\\express\\routes\\blogRoutes.ts": {"path":"C:\\jest\\User credentials testing\\src\\app\\express\\routes\\blogRoutes.ts","statementMap":{"0":{"start":{"line":1,"column":0},"end":{"line":1,"column":33}},"1":{"start":{"line":2,"column":15},"end":{"line":2,"column":23}},"2":{"start":{"line":17,"column":9},"end":{"line":17,"column":15}},"3":{"start":{"line":3,"column":0},"end":{"line":3,"column":null}},"4":{"start":{"line":11,"column":0},"end":{"line":11,"column":31}},"5":{"start":{"line":12,"column":0},"end":{"line":12,"column":33}},"6":{"start":{"line":13,"column":0},"end":{"line":13,"column":40}},"7":{"start":{"line":14,"column":0},"end":{"line":14,"column":35}},"8":{"start":{"line":15,"column":0},"end":{"line":15,"column":40}}},"fnMap":{},"branchMap":{},"s":{"0":2,"1":2,"2":2,"3":2,"4":2,"5":2,"6":2,"7":2,"8":2},"f":{},"b":{}}
,"C:\\jest\\User credentials testing\\src\\app\\express\\routes\\userRoutes.ts": {"path":"C:\\jest\\User credentials testing\\src\\app\\express\\routes\\userRoutes.ts","statementMap":{"0":{"start":{"line":1,"column":0},"end":{"line":1,"column":74}},"1":{"start":{"line":2,"column":0},"end":{"line":2,"column":33}},"2":{"start":{"line":3,"column":15},"end":{"line":3,"column":23}},"3":{"start":{"line":8,"column":9},"end":{"line":8,"column":15}},"4":{"start":{"line":5,"column":0},"end":{"line":5,"column":39}},"5":{"start":{"line":6,"column":0},"end":{"line":6,"column":43}}},"fnMap":{},"branchMap":{},"s":{"0":2,"1":2,"2":2,"3":2,"4":2,"5":2},"f":{},"b":{}}
}
