TN:
SF:src\app\express\express.ts
FN:17,(anonymous_1)
FNF:1
FNH:0
FNDA:0,(anonymous_1)
DA:1,2
DA:2,2
DA:3,2
DA:8,2
DA:9,2
DA:11,2
DA:12,2
DA:14,2
DA:15,2
DA:17,2
DA:18,0
DA:21,2
DA:23,2
LF:13
LH:12
BRF:0
BRH:0
end_of_record
TN:
SF:src\app\express\controllers\blogControllers.ts
FN:5,(anonymous_0)
FN:9,(anonymous_1)
FN:17,(anonymous_2)
FN:18,(anonymous_3)
FN:23,(anonymous_4)
FN:24,(anonymous_5)
FN:40,(anonymous_6)
FN:41,(anonymous_7)
FNF:8
FNH:8
FNDA:1,(anonymous_0)
FNDA:1,(anonymous_1)
FNDA:2,(anonymous_2)
FNDA:2,(anonymous_3)
FNDA:2,(anonymous_4)
FNDA:2,(anonymous_5)
FNDA:2,(anonymous_6)
FNDA:1,(anonymous_7)
DA:2,2
DA:3,2
DA:5,2
DA:6,1
DA:9,2
DA:10,1
DA:11,1
DA:12,1
DA:13,1
DA:14,1
DA:17,2
DA:18,2
DA:19,2
DA:20,2
DA:23,2
DA:24,2
DA:25,2
DA:26,1
DA:27,1
DA:30,1
DA:31,1
DA:32,1
DA:33,1
DA:34,1
DA:37,1
DA:40,2
DA:41,2
DA:42,2
DA:43,1
DA:44,1
DA:46,1
DA:47,1
LF:32
LH:32
BRDA:19,0,0,1
BRDA:25,1,0,1
BRDA:42,2,0,1
BRF:3
BRH:3
end_of_record
TN:
SF:src\app\express\controllers\userControllers.ts
FN:6,(anonymous_7)
FN:6,(anonymous_8)
FN:17,(anonymous_9)
FN:17,(anonymous_10)
FN:23,(anonymous_11)
FNF:5
FNH:5
FNDA:2,(anonymous_7)
FNDA:2,(anonymous_8)
FNDA:3,(anonymous_9)
FNDA:3,(anonymous_10)
FNDA:2,(anonymous_11)
DA:1,2
DA:2,2
DA:4,2
DA:6,2
DA:7,2
DA:8,2
DA:9,1
DA:10,1
DA:12,1
DA:13,1
DA:14,1
DA:17,3
DA:18,3
DA:19,3
DA:20,1
DA:21,1
DA:23,2
DA:24,2
DA:26,2
DA:27,1
DA:28,1
DA:30,1
DA:31,1
DA:32,1
LF:24
LH:24
BRDA:8,0,0,1
BRDA:8,1,0,2
BRDA:8,1,1,1
BRDA:8,1,2,1
BRDA:19,2,0,1
BRDA:19,3,0,3
BRDA:19,3,1,2
BRDA:26,4,0,1
BRDA:30,5,0,1
BRDA:30,6,0,0
BRDA:30,6,1,1
BRDA:30,7,0,1
BRDA:30,7,1,1
BRF:13
BRH:12
end_of_record
TN:
SF:src\app\express\models\blogModel.ts
FN:10,(anonymous_0)
FNF:1
FNH:1
FNDA:1,(anonymous_0)
DA:3,2
DA:17,1
LF:2
LH:2
BRF:0
BRH:0
end_of_record
TN:
SF:src\app\express\models\userModel.ts
FN:6,(anonymous_0)
FNF:1
FNH:1
FNDA:1,(anonymous_0)
DA:1,2
DA:7,1
DA:8,1
DA:9,1
LF:4
LH:4
BRF:0
BRH:0
end_of_record
TN:
SF:src\app\express\routes\blogRoutes.ts
FNF:0
FNH:0
DA:1,2
DA:2,2
DA:3,2
DA:11,2
DA:12,2
DA:13,2
DA:14,2
DA:15,2
DA:17,2
LF:9
LH:9
BRF:0
BRH:0
end_of_record
TN:
SF:src\app\express\routes\userRoutes.ts
FNF:0
FNH:0
DA:1,2
DA:2,2
DA:3,2
DA:5,2
DA:6,2
DA:8,2
LF:6
LH:6
BRF:0
BRH:0
end_of_record
