TN:
SF:src\express\app\express.ts
FN:21,(anonymous_1)
FN:22,(anonymous_2)
FNF:2
FNH:1
FNDA:1,(anonymous_1)
FNDA:0,(anonymous_2)
DA:1,1
DA:2,1
DA:4,1
DA:5,1
DA:6,1
DA:8,1
DA:9,1
DA:11,1
DA:12,1
DA:14,1
DA:15,1
DA:16,1
DA:18,1
DA:19,1
DA:21,1
DA:22,1
DA:23,0
DA:25,1
DA:28,1
LF:19
LH:18
BRF:0
BRH:0
end_of_record
TN:
SF:src\express\app\controllers\blogControllers.ts
FN:4,(anonymous_7)
FN:4,(anonymous_8)
FN:10,(anonymous_9)
FN:10,(anonymous_10)
FN:22,(anonymous_11)
FN:22,(anonymous_12)
FN:30,(anonymous_13)
FN:30,(anonymous_14)
FN:53,(anonymous_15)
FN:53,(anonymous_16)
FNF:10
FNH:10
FNDA:1,(anonymous_7)
FNDA:1,(anonymous_8)
FNDA:1,(anonymous_9)
FNDA:1,(anonymous_10)
FNDA:1,(anonymous_11)
FNDA:1,(anonymous_12)
FNDA:2,(anonymous_13)
FNDA:2,(anonymous_14)
FNDA:2,(anonymous_15)
FNDA:2,(anonymous_16)
DA:2,1
DA:4,1
DA:5,1
DA:7,1
DA:10,1
DA:11,1
DA:12,1
DA:19,1
DA:22,1
DA:23,1
DA:24,1
DA:26,1
DA:27,1
DA:30,2
DA:31,2
DA:33,2
DA:35,2
DA:36,1
DA:37,1
DA:40,1
DA:41,1
DA:48,1
DA:50,1
DA:53,2
DA:54,2
DA:56,2
DA:57,2
DA:58,1
DA:59,1
DA:61,1
DA:62,1
LF:31
LH:31
BRDA:26,0,0,0
BRDA:35,1,0,1
BRDA:57,2,0,1
BRDA:61,3,0,0
BRDA:61,3,1,1
BRDA:61,4,0,1
BRDA:61,4,1,1
BRF:7
BRH:5
end_of_record
TN:
SF:src\express\app\controllers\userControllers.ts
FN:6,(anonymous_8)
FN:6,(anonymous_9)
FN:14,(anonymous_10)
FN:14,(anonymous_11)
FN:24,(anonymous_12)
FN:31,generateToken
FN:36,(anonymous_14)
FN:36,(anonymous_15)
FN:51,(anonymous_16)
FNF:9
FNH:9
FNDA:2,(anonymous_8)
FNDA:2,(anonymous_9)
FNDA:1,(anonymous_10)
FNDA:1,(anonymous_11)
FNDA:1,(anonymous_12)
FNDA:1,generateToken
FNDA:4,(anonymous_14)
FNDA:4,(anonymous_15)
FNDA:2,(anonymous_16)
DA:1,1
DA:3,1
DA:4,1
DA:6,2
DA:7,2
DA:8,2
DA:9,1
DA:10,1
DA:12,1
DA:14,1
DA:15,1
DA:16,0
DA:17,0
DA:18,0
DA:20,1
DA:26,1
DA:32,1
DA:33,1
DA:36,4
DA:37,4
DA:38,4
DA:39,4
DA:40,4
DA:41,1
DA:42,1
DA:44,3
DA:46,3
DA:47,1
DA:48,1
DA:51,2
DA:52,2
DA:53,0
DA:56,2
DA:57,1
DA:61,1
DA:62,1
DA:66,0
LF:37
LH:32
BRDA:8,0,0,1
BRDA:8,1,0,2
BRDA:8,1,1,1
BRDA:8,1,2,1
BRDA:15,2,0,0
BRDA:40,3,0,1
BRDA:40,4,0,4
BRDA:40,4,1,3
BRDA:46,5,0,1
BRDA:52,6,0,0
BRDA:52,6,1,2
BRDA:56,7,0,1
BRDA:56,7,1,1
BRDA:61,8,0,1
BRF:14
BRH:12
end_of_record
TN:
SF:src\express\app\database\database.ts
FNF:0
FNH:0
DA:1,1
DA:3,1
DA:8,1
LF:3
LH:3
BRF:0
BRH:0
end_of_record
TN:
SF:src\express\app\middleware\authorization.ts
FN:16,(anonymous_17)
FN:20,(anonymous_18)
FNF:2
FNH:2
FNDA:7,(anonymous_17)
FNDA:7,(anonymous_18)
DA:1,1
DA:2,1
DA:3,1
DA:4,1
DA:5,1
DA:6,1
DA:16,1
DA:20,7
DA:21,7
DA:22,7
DA:23,7
DA:24,0
DA:26,7
DA:27,7
DA:29,7
DA:30,7
DA:31,0
DA:33,7
DA:35,7
DA:38,0
LF:20
LH:17
BRDA:23,0,0,0
BRDA:30,1,0,0
BRF:2
BRH:0
end_of_record
TN:
SF:src\express\app\models\blogModel.ts
FNF:0
FNH:0
DA:1,1
DA:3,1
DA:5,1
DA:29,1
LF:4
LH:4
BRF:0
BRH:0
end_of_record
TN:
SF:src\express\app\models\userModel.ts
FNF:0
FNH:0
DA:1,1
DA:3,1
DA:5,1
LF:3
LH:3
BRF:0
BRH:0
end_of_record
TN:
SF:src\express\app\routes\blogRoutes.ts
FNF:0
FNH:0
DA:1,1
DA:2,1
DA:3,1
DA:11,1
DA:13,1
DA:14,1
DA:15,1
DA:16,1
DA:17,1
DA:19,1
LF:10
LH:10
BRF:0
BRH:0
end_of_record
TN:
SF:src\express\app\routes\userRoutes.ts
FNF:0
FNH:0
DA:1,1
DA:2,1
DA:3,1
DA:5,1
DA:6,1
DA:8,1
LF:6
LH:6
BRF:0
BRH:0
end_of_record
